<?xml version="1.0" encoding="UTF-8"?>
<coverage generated="1771877011862" clover="3.2.0">
  <project timestamp="1771877011863" name="All files">
    <metrics statements="18" coveredstatements="18" conditionals="12" coveredconditionals="12" methods="1" coveredmethods="1" elements="31" coveredelements="31" complexity="0" loc="18" ncloc="18" packages="1" files="1" classes="1"/>
    <file name="index.js" path="/Users/nj/Desktop/Petra-web/lambda-booking/index.js">
      <metrics statements="18" coveredstatements="18" conditionals="12" coveredconditionals="12" methods="1" coveredmethods="1"/>
      <line num="1" count="1" type="stmt"/>
      <line num="2" count="1" type="stmt"/>
      <line num="3" count="1" type="stmt"/>
      <line num="5" count="1" type="stmt"/>
      <line num="6" count="1" type="stmt"/>
      <line num="8" count="1" type="stmt"/>
      <line num="14" count="1" type="stmt"/>
      <line num="15" count="7" type="stmt"/>
      <line num="17" count="7" type="cond" truecount="2" falsecount="0"/>
      <line num="18" count="1" type="stmt"/>
      <line num="21" count="6" type="stmt"/>
      <line num="22" count="6" type="stmt"/>
      <line num="24" count="6" type="cond" truecount="6" falsecount="0"/>
      <line num="25" count="1" type="stmt"/>
      <line num="32" count="5" type="stmt"/>
      <line num="34" count="5" type="stmt"/>
      <line num="49" count="4" type="stmt"/>
      <line num="56" count="1" type="stmt"/>
    </file>
  </project>
</coverage>
