{"/Users/nj/Desktop/Petra-web/lambda-booking/index.js": {"path":"/Users/nj/Desktop/Petra-web/lambda-booking/index.js","statementMap":{"0":{"start":{"line":1,"column":27},"end":{"line":1,"column":62}},"1":{"start":{"line":2,"column":47},"end":{"line":2,"column":79}},"2":{"start":{"line":3,"column":15},"end":{"line":3,"column":32}},"3":{"start":{"line":5,"column":15},"end":{"line":5,"column":61}},"4":{"start":{"line":6,"column":18},"end":{"line":6,"column":53}},"5":{"start":{"line":8,"column":20},"end":{"line":12,"column":1}},"6":{"start":{"line":14,"column":0},"end":{"line":62,"column":2}},"7":{"start":{"line":15,"column":4},"end":{"line":15,"column":58}},"8":{"start":{"line":17,"column":4},"end":{"line":19,"column":5}},"9":{"start":{"line":18,"column":8},"end":{"line":18,"column":69}},"10":{"start":{"line":21,"column":4},"end":{"line":61,"column":5}},"11":{"start":{"line":22,"column":24},"end":{"line":22,"column":46}},"12":{"start":{"line":24,"column":8},"end":{"line":30,"column":9}},"13":{"start":{"line":25,"column":12},"end":{"line":29,"column":14}},"14":{"start":{"line":32,"column":26},"end":{"line":32,"column":45}},"15":{"start":{"line":34,"column":8},"end":{"line":47,"column":12}},"16":{"start":{"line":49,"column":8},"end":{"line":53,"column":10}},"17":{"start":{"line":56,"column":8},"end":{"line":60,"column":10}}},"fnMap":{"0":{"name":"(anonymous_0)","decl":{"start":{"line":14,"column":18},"end":{"line":14,"column":19}},"loc":{"start":{"line":14,"column":35},"end":{"line":62,"column":1}},"line":14}},"branchMap":{"0":{"loc":{"start":{"line":17,"column":4},"end":{"line":19,"column":5}},"type":"if","locations":[{"start":{"line":17,"column":4},"end":{"line":19,"column":5}},{"start":{},"end":{}}],"line":17},"1":{"loc":{"start":{"line":24,"column":8},"end":{"line":30,"column":9}},"type":"if","locations":[{"start":{"line":24,"column":8},"end":{"line":30,"column":9}},{"start":{},"end":{}}],"line":24},"2":{"loc":{"start":{"line":24,"column":12},"end":{"line":24,"column":89}},"type":"binary-expr","locations":[{"start":{"line":24,"column":12},"end":{"line":24,"column":25}},{"start":{"line":24,"column":29},"end":{"line":24,"column":43}},{"start":{"line":24,"column":47},"end":{"line":24,"column":63}},{"start":{"line":24,"column":67},"end":{"line":24,"column":89}}],"line":24},"3":{"loc":{"start":{"line":42,"column":31},"end":{"line":42,"column":71}},"type":"binary-expr","locations":[{"start":{"line":42,"column":31},"end":{"line":42,"column":52}},{"start":{"line":42,"column":56},"end":{"line":42,"column":71}}],"line":42},"4":{"loc":{"start":{"line":43,"column":23},"end":{"line":43,"column":42}},"type":"binary-expr","locations":[{"start":{"line":43,"column":23},"end":{"line":43,"column":36}},{"start":{"line":43,"column":40},"end":{"line":43,"column":42}}],"line":43}},"s":{"0":1,"1":1,"2":1,"3":1,"4":1,"5":1,"6":1,"7":7,"8":7,"9":1,"10":6,"11":6,"12":6,"13":1,"14":5,"15":5,"16":4,"17":1},"f":{"0":7},"b":{"0":[1,6],"1":[1,5],"2":[6,6,5,5],"3":[5,4],"4":[5,4]},"_coverageSchema":"1a1c01bbd47fc00a2c39e90264f33305004495a9","hash":"53f94d09b1d56cab80e75f39b0020aeb51fc17c8"}
}
